{"level":"info","message":"Connected to RabbitMQ","timestamp":"2024-12-31T18:52:09.127Z"}
{"level":"info","message":"Connected to RabbitMQ","timestamp":"2024-12-31T18:52:15.183Z"}
{"level":"info","message":"Connected to RabbitMQ","timestamp":"2024-12-31T18:52:19.347Z"}
{"level":"info","message":"Connected to RabbitMQ","timestamp":"2024-12-31T18:52:22.452Z"}
{"level":"info","message":"Connected to RabbitMQ","timestamp":"2024-12-31T18:52:24.013Z"}
{"level":"info","message":"Connected to RabbitMQ","timestamp":"2024-12-31T18:53:30.522Z"}
{"level":"info","message":"Connected to RabbitMQ","timestamp":"2024-12-31T18:53:31.506Z"}
{"level":"info","message":"Connected to RabbitMQ","timestamp":"2024-12-31T18:53:35.276Z"}
{"level":"info","message":"senderUserId: ","timestamp":"2024-12-31T18:55:19.275Z"}
{"level":"info","message":"Received payment status update:","status":"FAILED","timestamp":"2024-12-31T18:55:19.333Z"}
{"level":"info","message":"Received payment status update:","status":"SUCCESS","timestamp":"2024-12-31T18:55:19.336Z"}
{"level":"info","message":"Connected to RabbitMQ","timestamp":"2024-12-31T19:04:57.664Z"}
{"level":"info","message":"Connected to RabbitMQ","timestamp":"2024-12-31T19:05:04.205Z"}
{"level":"info","message":"Connected to RabbitMQ","timestamp":"2024-12-31T19:05:12.788Z"}
{"level":"info","message":"senderUserId: ","timestamp":"2024-12-31T19:13:26.476Z"}
{"level":"info","message":"Received payment status update:","status":"SUCCESS","timestamp":"2024-12-31T19:13:26.537Z"}
{"level":"info","message":"Received payment status update:","status":"FAILED","timestamp":"2024-12-31T19:13:26.540Z"}
{"level":"info","message":"Connected to RabbitMQ","timestamp":"2024-12-31T19:16:09.403Z"}
{"level":"info","message":"Connected to RabbitMQ","timestamp":"2025-01-01T05:17:08.053Z"}
{"level":"info","message":"senderUserId: ","timestamp":"2025-01-01T05:34:23.388Z"}
{"level":"info","message":"Received payment status update:","status":"SUCCESS","timestamp":"2025-01-01T05:34:23.435Z","transactionId":3}
{"level":"info","message":"Received payment status update:","status":"SUCCESS","timestamp":"2025-01-01T05:34:23.437Z","transactionId":4}
{"level":"info","message":"Connected to RabbitMQ","timestamp":"2025-01-01T05:38:49.552Z"}
{"level":"info","message":"Connected to RabbitMQ","timestamp":"2025-01-01T05:38:51.023Z"}
{"level":"info","message":"Connected to RabbitMQ","timestamp":"2025-01-01T05:38:53.069Z"}
{"level":"info","message":"Connected to RabbitMQ","timestamp":"2025-01-01T05:39:11.143Z"}
{"level":"info","message":"Connected to RabbitMQ","timestamp":"2025-01-01T05:39:18.070Z"}
{"level":"info","message":"Connected to RabbitMQ","timestamp":"2025-01-01T05:39:19.426Z"}
{"level":"info","message":"Connected to RabbitMQ","timestamp":"2025-01-01T05:39:20.939Z"}
{"level":"info","message":"Connected to RabbitMQ","timestamp":"2025-01-01T05:39:26.840Z"}
{"level":"info","message":"Connected to RabbitMQ","timestamp":"2025-01-01T05:39:36.846Z"}
{"level":"info","message":"Connected to RabbitMQ","timestamp":"2025-01-01T05:39:37.922Z"}
{"level":"info","message":"Connected to RabbitMQ","timestamp":"2025-01-01T05:39:43.102Z"}
{"level":"info","message":"Connected to RabbitMQ","timestamp":"2025-01-01T05:40:13.640Z"}
{"level":"info","message":"Connected to RabbitMQ","timestamp":"2025-01-01T05:40:25.634Z"}
{"level":"info","message":"Connected to RabbitMQ","timestamp":"2025-01-01T05:40:28.979Z"}
{"level":"info","message":"Connected to RabbitMQ","timestamp":"2025-01-01T05:40:33.370Z"}
{"level":"info","message":"Connected to RabbitMQ","timestamp":"2025-01-01T05:40:48.651Z"}
{"level":"info","message":"Connected to RabbitMQ","timestamp":"2025-01-01T05:40:56.495Z"}
{"level":"info","message":"Connected to RabbitMQ","timestamp":"2025-01-01T05:41:00.977Z"}
{"level":"info","message":"Connected to RabbitMQ","timestamp":"2025-01-01T05:41:02.467Z"}
{"level":"info","message":"Connected to RabbitMQ","timestamp":"2025-01-01T05:41:09.026Z"}
{"level":"info","message":"Connected to RabbitMQ","timestamp":"2025-01-01T05:41:13.859Z"}
{"level":"info","message":"Connected to RabbitMQ","timestamp":"2025-01-01T05:41:16.641Z"}
{"level":"info","message":"Connected to RabbitMQ","timestamp":"2025-01-01T05:41:18.219Z"}
{"level":"info","message":"Connected to RabbitMQ","timestamp":"2025-01-01T05:41:19.489Z"}
{"level":"info","message":"Connected to RabbitMQ","timestamp":"2025-01-01T05:41:29.072Z"}
{"level":"info","message":"Connected to RabbitMQ","timestamp":"2025-01-01T05:41:41.453Z"}
{"level":"info","message":"Connected to RabbitMQ","timestamp":"2025-01-01T05:41:51.335Z"}
{"level":"info","message":"Connected to RabbitMQ","timestamp":"2025-01-01T05:41:52.441Z"}
{"level":"info","message":"Connected to RabbitMQ","timestamp":"2025-01-01T05:41:54.828Z"}
{"level":"info","message":"Connected to RabbitMQ","timestamp":"2025-01-01T05:41:57.825Z"}
{"level":"info","message":"Connected to RabbitMQ","timestamp":"2025-01-01T05:42:03.816Z"}
{"level":"info","message":"Connected to RabbitMQ","timestamp":"2025-01-01T05:42:07.102Z"}
{"level":"info","message":"Connected to RabbitMQ","timestamp":"2025-01-01T05:42:09.988Z"}
{"level":"info","message":"Connected to RabbitMQ","timestamp":"2025-01-01T05:53:26.674Z"}
{"level":"info","message":"senderUserId: ","timestamp":"2025-01-01T05:57:15.323Z"}
{"amount":100,"description":"have fun ","level":"info","message":"Payment task sent to queue:","receiverUserId":4,"senderAccountNumber":"6591699264","senderUserId":3,"timestamp":"2025-01-01T05:57:15.358Z"}
{"level":"error","message":"Error processing payment: Timeout waiting for payment response","stack":"Error: Timeout waiting for payment response\n    at Timeout._onTimeout (file:///D:/PayApp/backend/transferRoutes.js:328:31)\n    at listOnTimeout (node:internal/timers:573:17)\n    at process.processTimers (node:internal/timers:514:7)","timestamp":"2025-01-01T05:57:20.361Z"}
{"level":"info","message":"Connected to RabbitMQ","timestamp":"2025-01-01T05:58:30.262Z"}
{"level":"info","message":"Connected to RabbitMQ","timestamp":"2025-01-01T05:58:46.496Z"}
{"level":"info","message":"Connected to RabbitMQ","timestamp":"2025-01-01T06:00:35.534Z"}
{"level":"info","message":"Connected to RabbitMQ","timestamp":"2025-01-01T06:00:39.229Z"}
{"level":"info","message":"Connected to RabbitMQ","timestamp":"2025-01-01T06:00:43.586Z"}
{"level":"info","message":"Connected to RabbitMQ","timestamp":"2025-01-01T06:00:47.629Z"}
{"level":"info","message":"Connected to RabbitMQ","timestamp":"2025-01-01T06:00:49.638Z"}
{"level":"info","message":"Connected to RabbitMQ","timestamp":"2025-01-01T06:01:12.860Z"}
{"level":"info","message":"Connected to RabbitMQ","timestamp":"2025-01-01T06:01:19.330Z"}
{"level":"info","message":"Connected to RabbitMQ","timestamp":"2025-01-01T06:01:26.739Z"}
{"level":"info","message":"Connected to RabbitMQ","timestamp":"2025-01-01T06:01:30.574Z"}
{"level":"info","message":"Connected to RabbitMQ","timestamp":"2025-01-01T06:01:33.872Z"}
{"level":"info","message":"Connected to RabbitMQ","timestamp":"2025-01-01T06:01:36.752Z"}
{"level":"info","message":"Connected to RabbitMQ","timestamp":"2025-01-01T06:01:57.817Z"}
{"level":"info","message":"Connected to RabbitMQ","timestamp":"2025-01-01T06:02:02.577Z"}
{"level":"info","message":"Connected to RabbitMQ","timestamp":"2025-01-01T06:02:05.519Z"}
{"level":"info","message":"Connected to RabbitMQ","timestamp":"2025-01-01T06:02:10.227Z"}
{"level":"info","message":"Connected to RabbitMQ","timestamp":"2025-01-01T06:02:13.213Z"}
{"level":"info","message":"Connected to RabbitMQ","timestamp":"2025-01-01T06:02:15.837Z"}
{"level":"info","message":"Connected to RabbitMQ","timestamp":"2025-01-01T06:02:20.047Z"}
{"level":"info","message":"Connected to RabbitMQ","timestamp":"2025-01-01T06:02:26.384Z"}
{"level":"info","message":"Connected to RabbitMQ","timestamp":"2025-01-01T06:02:36.780Z"}
{"level":"info","message":"Connected to RabbitMQ","timestamp":"2025-01-01T06:02:40.800Z"}
{"level":"info","message":"Connected to RabbitMQ","timestamp":"2025-01-01T06:02:45.079Z"}
{"level":"info","message":"Connected to RabbitMQ","timestamp":"2025-01-01T06:03:44.289Z"}
{"level":"info","message":"Connected to RabbitMQ","timestamp":"2025-01-01T06:06:40.725Z"}
{"level":"info","message":"Connected to RabbitMQ","timestamp":"2025-01-01T06:06:46.256Z"}
{"level":"info","message":"Connected to RabbitMQ","timestamp":"2025-01-01T06:06:56.686Z"}
{"level":"info","message":"Connected to RabbitMQ","timestamp":"2025-01-01T06:07:05.228Z"}
{"level":"info","message":"Connected to RabbitMQ","timestamp":"2025-01-01T06:07:24.392Z"}
{"level":"info","message":"Connected to RabbitMQ","timestamp":"2025-01-01T06:11:14.866Z"}
{"level":"info","message":"senderUserId:-----> ","timestamp":"2025-01-01T06:11:21.879Z"}
{"level":"info","message":"receiverAccount:----->","timestamp":"2025-01-01T06:11:21.913Z"}
{"amount":100,"description":"have fun ","level":"info","message":"Payment task sent to queue:","receiverUserId":4,"senderAccountNumber":"6591699264","senderUserId":3,"timestamp":"2025-01-01T06:11:21.915Z"}
{"level":"error","message":"Error processing payment: Timeout waiting for payment response","stack":"Error: Timeout waiting for payment response\n    at Timeout._onTimeout (file:///D:/PayApp/backend/transferRoutes.js:333:31)\n    at listOnTimeout (node:internal/timers:573:17)\n    at process.processTimers (node:internal/timers:514:7)","timestamp":"2025-01-01T06:11:31.927Z"}
{"level":"info","message":"senderUserId:-----> ","timestamp":"2025-01-01T06:12:12.107Z"}
{"level":"info","message":"receiverAccount:----->","timestamp":"2025-01-01T06:12:12.134Z"}
{"amount":100,"description":"have fun ","level":"info","message":"Payment task sent to queue:","receiverAccountNumber":"2610366574","receiverUserId":4,"senderAccountNumber":"6591699264","senderUserId":3,"timestamp":"2025-01-01T06:12:12.135Z"}
{"level":"error","message":"Error processing payment: Timeout waiting for payment response","stack":"Error: Timeout waiting for payment response\n    at Timeout._onTimeout (file:///D:/PayApp/backend/transferRoutes.js:333:31)\n    at listOnTimeout (node:internal/timers:573:17)\n    at process.processTimers (node:internal/timers:514:7)","timestamp":"2025-01-01T06:12:22.148Z"}
{"level":"info","message":"senderUserId:-----> ","timestamp":"2025-01-01T06:13:59.068Z"}
{"level":"info","message":"receiverAccount:----->","timestamp":"2025-01-01T06:13:59.078Z"}
{"amount":100,"description":"have fun ","level":"info","message":"Payment task sent to queue:","receiverAccountNumber":"2610366574","receiverUserId":4,"senderAccountNumber":"6591699264","senderUserId":3,"timestamp":"2025-01-01T06:13:59.081Z"}
{"amount":"100","level":"info","message":"Received payment status update: transaction successfull","status":"SUCCESS","success":true,"timestamp":"2025-01-01T06:13:59.147Z","transactionId":9}
{"level":"error","message":"Error processing payment: Timeout waiting for payment response","stack":"Error: Timeout waiting for payment response\n    at Timeout._onTimeout (file:///D:/PayApp/backend/transferRoutes.js:333:31)\n    at listOnTimeout (node:internal/timers:573:17)\n    at process.processTimers (node:internal/timers:514:7)","timestamp":"2025-01-01T06:14:09.093Z"}
{"level":"info","message":"Connected to RabbitMQ","timestamp":"2025-01-01T06:19:59.909Z"}
{"level":"info","message":"Connected to RabbitMQ","timestamp":"2025-01-01T06:21:22.171Z"}
{"level":"info","message":"Connected to RabbitMQ","timestamp":"2025-01-01T06:21:28.771Z"}
{"level":"info","message":"Connected to RabbitMQ","timestamp":"2025-01-01T06:21:45.277Z"}
{"level":"info","message":"senderUserId:-----> ","timestamp":"2025-01-01T06:25:14.207Z"}
{"level":"info","message":"receiverAccount:----->","timestamp":"2025-01-01T06:25:14.242Z"}
{"amount":100,"description":"have fun ","level":"info","message":"Payment task sent to queue:","receiverAccountNumber":"2610366574","receiverUserId":4,"senderAccountNumber":"6591699264","senderUserId":3,"timestamp":"2025-01-01T06:25:14.244Z"}
{"amount":"100","level":"info","message":"Received payment status update: transaction successfull","status":"SUCCESS","success":true,"timestamp":"2025-01-01T06:25:14.305Z","transactionId":10}
{"level":"info","message":"senderUserId:-----> ","timestamp":"2025-01-01T06:25:20.830Z"}
{"level":"info","message":"receiverAccount:----->","timestamp":"2025-01-01T06:25:20.838Z"}
{"amount":100,"description":"have fun ","level":"info","message":"Payment task sent to queue:","receiverAccountNumber":"2610366574","receiverUserId":4,"senderAccountNumber":"6591699264","senderUserId":3,"timestamp":"2025-01-01T06:25:20.839Z"}
{"amount":"100","level":"info","message":"Received payment status update: transaction successfull","status":"SUCCESS","success":true,"timestamp":"2025-01-01T06:25:20.862Z","transactionId":11}
{"level":"info","message":"senderUserId:-----> ","timestamp":"2025-01-01T06:26:16.927Z"}
{"level":"info","message":"receiverAccount:----->","timestamp":"2025-01-01T06:26:16.937Z"}
{"amount":100,"description":"have fun ","level":"info","message":"Payment task sent to queue:","receiverAccountNumber":"2610366574","receiverUserId":4,"senderAccountNumber":"6591699264","senderUserId":3,"timestamp":"2025-01-01T06:26:16.939Z"}
{"amount":"100","level":"info","message":"Received payment status update: transaction successfull","status":"SUCCESS","success":true,"timestamp":"2025-01-01T06:26:16.963Z","transactionId":12}
{"level":"info","message":"Connected to RabbitMQ","timestamp":"2025-01-01T06:28:42.706Z"}
{"level":"info","message":"Connected to RabbitMQ","timestamp":"2025-01-01T06:28:45.156Z"}
{"level":"info","message":"senderUserId:-----> ","timestamp":"2025-01-01T06:28:56.346Z"}
{"level":"info","message":"receiverAccount:----->","timestamp":"2025-01-01T06:28:56.380Z"}
{"amount":100,"description":"have fun ","level":"info","message":"Payment task sent to queue:","receiverAccountNumber":"2610366574","receiverUserId":4,"senderAccountNumber":"6591699264","senderUserId":3,"timestamp":"2025-01-01T06:28:56.382Z"}
{"amount":"100","level":"info","message":"Received payment status update: transaction successfull","status":"SUCCESS","success":true,"timestamp":"2025-01-01T06:28:56.434Z","transactionId":13}
{"level":"info","message":"senderUserId:-----> ","timestamp":"2025-01-01T06:28:58.360Z"}
{"level":"info","message":"receiverAccount:----->","timestamp":"2025-01-01T06:28:58.368Z"}
{"amount":100,"description":"have fun ","level":"info","message":"Payment task sent to queue:","receiverAccountNumber":"2610366574","receiverUserId":4,"senderAccountNumber":"6591699264","senderUserId":3,"timestamp":"2025-01-01T06:28:58.369Z"}
{"amount":"100","level":"info","message":"Received payment status update: transaction successfull","status":"SUCCESS","success":true,"timestamp":"2025-01-01T06:28:58.390Z","transactionId":14}
{"level":"info","message":"Connected to RabbitMQ","timestamp":"2025-01-01T06:31:16.702Z"}
{"level":"info","message":"Connected to RabbitMQ","timestamp":"2025-01-01T06:31:18.770Z"}
{"level":"info","message":"senderUserId:-----> ","timestamp":"2025-01-01T06:32:25.721Z"}
{"level":"info","message":"receiverAccount:----->","timestamp":"2025-01-01T06:32:25.752Z"}
{"amount":349,"description":"recharge","level":"info","message":"Payment task sent to queue:","receiverAccountNumber":"2610366574","receiverUserId":4,"senderAccountNumber":"6591699264","senderUserId":3,"timestamp":"2025-01-01T06:32:25.754Z"}
{"amount":"349","level":"info","message":"Received payment status update: transaction successfull","status":"SUCCESS","success":true,"timestamp":"2025-01-01T06:32:25.800Z","transactionId":15}
{"level":"info","message":"senderUserId:-----> ","timestamp":"2025-01-01T06:32:39.339Z"}
{"level":"info","message":"receiverAccount:----->","timestamp":"2025-01-01T06:32:39.348Z"}
{"amount":349,"description":"recharge","level":"info","message":"Payment task sent to queue:","receiverAccountNumber":"2610366574","receiverUserId":4,"senderAccountNumber":"6591699264","senderUserId":3,"timestamp":"2025-01-01T06:32:39.349Z"}
{"level":"info","message":"Connected to RabbitMQ","timestamp":"2025-01-01T06:37:46.314Z"}
